[RUN #0 5 100]
-847 740 -939 431 920
-27 -93 99 -129 157
-442 554 977 -528 578
759 -998 601 -203 -705
917 -620 956 -832 -18
-298 17 -761 950 607
-543 -582 558 -864 -200
576 252 759 -987 -317
906 -789 675 37 -427
-560 -445 296 88 707
145 -702 91 -495 165
568 -226 187 472 848
83 173 -426 -165 682
-272 -420 206 821 -198
-533 357 -977 -420 298
[RUN #1 5 100]
-625 -56 -668 -775 -884
147 964 -114 874 880
511 -791 -875 422 -512
308 654 -31 959 582
-103 769 594 -303 -723
595 -25 -447 -606 522
-318 393 -323 -811 -483
-186 97 -421 -906 -428
-309 -46 389 -142 902
389 -916 776 185 -182
-553 -788 599 418 -80
-500 502 40 -575 -187
142 803 -640 -611 479
-252 834 -63 -241 -699
923 899 -701 977 -82
529 635 551 462 -786
-841 165 -409 311 957
755 796 -822 -138 96
974 -563 -947 -661 714
396 204 -759 -66 628
285 931 -290 743 855
943 546 -721 204 -90
-456 706 -953 -695 -474
-394 152 -577 848 254
221 338 238 13 -732
886 623 -755 630 42
570 103 -399 600 -881
-124 -116 434 980 -842
978 -80 980 801 346
117 487 -293 -727 -832
510 594 473 -894 893
297 198 515 917 -447
-502 -5 -916 -721 657
-708 621 -405 -56 509
-915 787 -624 -283 482
-88 364 -2 135 -390
27 797 626 55 352
933 450 -916 -789 -847
279 304 495 551 345
-163 -218 57 252 86
-789 303 723 198 -780
454 106 3 -248 -947
-227 -707 254 959 118
-798 835 -689 -680 662
[RUN #2 5 100]
995 -126 -289 79 -741
550 -547 -86 -212 692
464 -672 198 -828 -526
-443 626 -649 -711 -816
481 955 519 -140 -583
90 -710 -686 121 -302
-922 526 579 -925 -537
690 635 -734 226 998
-74 922 -719 880 539
-235 416 -391 751 444
40 674 160 -774 98
-27 53 713 906 -66
246 -387 -860 -986 -618
120 587 -251 855 -310
-782 943 319 392 -552
-336 -535 -717 -181 199
-252 359 360 72 -967
-811 69 853 764 416
-452 850 -223 677 -347
298 -618 8 -539 -813
91 656 -858 -556 -82
-220 -638 796 -602 -695
204 707 61 54 679
-295 -815 -623 -61 112
-219 -825 131 -418 -643
890 44 515 746 -108
475 895 423 -854 811
-899 -404 -826 262 -998
-693 -554 -33 -491 493
-795 566 -577 187 248
985 -555 19 -497 -434
146 -223 -893 792 30
485 -29 167 -343 77
367 -222 -265 852 471
-929 -1000 225 -100 -723
453 -226 -120 -718 -848
947 -723 -55 -670 276
821 818 654 569 -714
273 837 -341 719 -379
-305 595 -296 646 -263
538 -357 654 167 801
66 -426 28 428 -860
-368 222 -948 437 721
342 -845 -302 47 796
-958 977 782 -771 188
-961 94 102 630 -205
-67 -923 261 548 348
832 621 261 -135 -34
-184 -577 456 -575 814
87 859 -45 -820 577
606 -484 263 -754 -326
185 -244 913 81 135
673 -114 599 780 -867
366 599 133 -614 15
687 626 -624 -134 7
472 139 -752 675 51
818 -475 187 -604 63
-912 276 413 -991 920
-723 549 853 -511 -122
-68 -812 -608 -560 -251
267 207 454 -958 -254
-715 -116 147 -457 448
-754 -46 24 -269 -138
871 59 -467 983 -594
-953 510 114 -293 -110
-280 -526 -320 -822 155
545 639 -526 -336 -286
812 -511 854 -83 97
781 -32 -906 46 147
114 -484 -343 -395 333
899 631 -444 830 -804
420 101 -808 66 -416
-564 -754 -903 -23 -556
-887 -466 479 61 422
[RUN #3 500 100]
893 -906 245 -921 -371 68 226 781 499 533 740 35 978 345 -525 652 -89 -755 803 -808 985 -418 995 772 751 -627 729 224 -345 -270 -765 -261 -775 -187 393 561 98 170 -433 -118 731 -278 -19 200 -59 473 -559 571 -967 -39 673 -855 -890 908 755 -259 -655 -884 -794 -447 435 825 -32 583 150 -66 -394 588 -979 -68 -347 -36 845 974 491 518 -950 921 -810 851 -678 267 367 -330 468 -173 -904 -571 -440 924 -201 28 153 754 -205 987 -296 75 -37 352 -93 259 675 -933 -958 832 584 -442 -845 763 -103 227 -488 307 -664 467 -141 89 343 -851 743 818 761 678 522 -175 950 -654 249 558 934 762 -626 786 162 364 -795 892 106 546 -860 885 -291 659 -877 -610 -301 379 308 -748 -941 -1000 128 -650 907 320 -449 547 957 185 -184 232 -191 312 676 -770 123 -218 405 -913 790 303 -310 -280 475 -406 -42 440 9 285 524 783 244 505 -830 -579 682 -185 884 69 -272 86 690 516 335 -353 -605 -155 -476 442 406 -188 -889 -524 157 77 570 -809 255 -900 -105 959 -931 333 -688 -325 271 -377 911 -163 463 221 95 -131 -968 788 597 862 -805 -312 269 129 184 501 -954 482 373 -728 -686 -304 217 -681 719 -757 -643 -133 -52 142 -370 -421 -124 -119 -123 552 -939 -299 -327 363 179 49 500 42 254 -625 -192 670 -710 418 -82 -446 274 -740 375 -395 534 -112 137 -64 649 -841 -702 599 368 -355 891 -223 -254 523 -162 -424 -832 -615 -879 -129 711 -725 233 -899 -253 886 515 -343 422 186 145 -340 159 502 -113 531 633 595 67 -647 -522 -984 -275 648 399 23 -30 680 -332 -445 915 -894 -490 668 -60 -693 180 -908 -679 -565 979 90 -572 261 294 -996 -520 -132 -50 207 -423 677 -716 -707 -597 58 -782 812 -591 702 -865 -892 612 219 -236 -110 913 -820 -362 -94 -320 511 -419 315 674 472 -620 394 331 238 513 654 164 694 -383 319 980 905 426 -698 421 272 -759 -735 389 -213 -454 229 736 446 857 60 6 601 -815 -338 -883 101 -18 -828 -965 506 -287 -386 65 -227 -300 573 113 409 -659 -940 444 -462 -75 798 431 928 -482 838 -206 452 16 -553 -181 -262 844 425 984 0 759 136 -934 273 -495 801 859 641 989 -700 -137 304 -611 -143 21 -666 -16 -548 -401 32 -337 -302 -349 664 605 -791 658 -248 -229 -114 -534 -574 637 549 -357 -24 -752 -556 -54 725 594 -294 -178 562 354 143 -436 -403 996 833 732 478 -563 895 -23 165 -405 291 -224 -982 651 290 -47 -510 209 302
440 -212 -137 -482 -589 354 -284 88 -588 -488 -102 -562 -770 -615 393 494 -620 -323 -744 -801 -100 -478 -938 79 471 -58 -496 103 -915 291 568 -88 -822 93 -400 -148 983 966 208 -392 227 -375 -794 277 678 -459 -196 -607 -2 607 -891 -300 598 -709 -435 459 -611 936 -719 -667 863 806 547 377 -982 -850 935 -146 -338 444 519 -176 -237 -935 943 418 186 109 446 700 -830 29 -520 604 -305 -582 468 718 181 -287 -828 774 275 -605 -299 245 732 -865 795 -23 -536 201 73 803 -742 306 150 -29 -373 123 596 854 531 709 -529 -599 -733 662 876 682 278 -772 493 490 894 -151 488 524 948 -15 -860 -999 422 -342 -956 910 410 270 420 -52 507 371 985 249 -140 -83 39 -767 984 -626 -640 -249 571 -69 704 -397 862 990 727 749 453 -366 -750 676 477 120 175 -129 -266 47 -337 -604 99 -647 587 481 790 -612 -650 82 -610 -32 -843 583 -402 239 294 -724 188 -406 845 439 -431 758 -827 -810 -149 -294 85 -948 947 -220 527 163 16 321 478 -861 215 -941 964 -221 119 -154 -887 62 -616 114 -908 -688 492 184 59 409 -232 -330 -787 -163 -668 -119 -471 930 430 -34 575 869 871 -451 938 -447 -222 -448 331 -21 -17 -774 558 982 -130 597 -191 -751 -143 -213 495 237 963 792 376 154 60 -867 717 -3 898 17 449 -937 -84 973 740 840 -854 -732 -311 -702 782 -642 951 -533 -112 -95 307 988 -46 360 -416 -164 567 -531 127 584 356 -721 135 177 814 295 516 404 570 -698 -98 812 -906 -840 -248 -275 -868 -540 366 281 -336 -217 632 223 -41 680 -996 432 832 -192 405 815 582 -301 684 -414 995 -314 -593 -340 940 -718 194 -551 475 613 -964 -481 312 -669 -197 -851 681 -504 957 656 293 961 981 -252 -391 -131 554 722 -210 362 899 -160 -367 155 -852 -343 248 8 80 922 336 -800 273 784 -706 -564 971 -138 538 502 -711 -933 -35 970 -219 -729 -839 665 -77 -614 -303 -109 748 -758 192 -378 148 -361 -741 380 -619 -127 611 260 263 71 -975 -759 -57 -967 -927 -658 -841 -31 -723 809 578 -720 288 43 326 -654 19 -328 -817 824 -638 316 780 934 338 142 11 679 -243 -769 -753 705 742 -128 353 348 -547 236 -363 113 -225 50 -655 280 609 -377 760 195 711 601 897 -730 395 -279 209 -180 829 555 793 -675 658 138 992 -60 319 -152 -893 -184 -48 168 -421 950 -632 -786 972 -920 58 -475 -419 -777 304 -606 747 441 528 702 -734 -283 -404 -207 837 864 -141 -415 882 -285
[RUN #4 100 100]
-394 -150 204 -395 408 591 820 879 -510 -115 257 -758 -251 601 793 942 -635 -926 -92 -155 427 -772 283 -178 -776 -412 261 -123 928 191 44 660 961 -419 917 -684 358 68 164 980 -371 739 630 -974 875 610 54 -840 -259 -671 -421 -500 -942 -8 -53 -690 299 534 -712 -165 710 576 -555 556 347 -408 -417 -864 -55 219 -655 -81 -109 937 500 -645 35 41 293 -202 755 129 781 32 843 889 600 -242 -234 -176 359 841 -678 390 -361 -402 -308 732 -698 123
178 961 393 908 186 -220 233 -228 277 982 -784 742 -417 -917 -815 57 604 -257 488 -782 -26 34 983 -37 -746 -844 -338 -409 260 -683 -392 -280 -429 -574 970 -137 -190 230 -393 -540 -149 948 -907 281 -224 -421 -770 -448 201 -658 -754 -986 785 907 -894 401 -822 -19 -980 -561 832 676 577 -268 356 822 208 250 -73 910 427 370 -985 -479 -686 584 582 492 -552 719 -333 369 -459 23 -947 917 -41 899 377 335 -321 751 -848 -163 987 -284 -499 974 -494 211
-781 623 297 -551 -761 106 667 -494 -323 666 955 -754 -727 -382 403 -133 -590 -807 -51 338 -695 -66 869 -329 -283 551 -399 191 124 -541 992 -839 81 250 777 -22 -70 489 -17 -333 -394 -286 -916 507 -920 236 -94 767 703 -539 662 631 486 -841 -666 -869 177 747 -95 451 902 -460 721 -765 -474 283 -75 -165 -830 627 758 452 -956 271 -212 348 -502 504 562 -255 606 -533 624 705 -131 -794 -113 -265 78 653 947 -550 -845 204 -623 -634 -946 724 -317 -449
-349 603 391 -424 -16 588 904 -923 -629 887 738 -568 128 -826 625 -481 170 263 -843 828 -116 975 -1000 172 972 194 54 450 209 949 -257 -303 809 136 185 270 891 531 -145 759 -720 888 413 -822 536 866 -73 -992 -97 130 -488 -608 -570 -633 -282 -631 -705 502 124 -290 -925 19 -163 34 111 504 936 865 -721 -946 107 -315 222 280 -737 671 424 -389 912 -905 -896 -297 203 614 -667 314 289 -820 918 -810 -711 -202 -754 -398 171 -84 268 -642 -604 -478
-663 -615 477 -43 -951 -629 -937 -133 267 -32 -334 805 768 -362 595 693 -267 -988 729 -164 483 812 173 541 984 -255 -507 532 422 435 -586 -416 -336 557 -140 41 -452 949 895 -523 175 -703 -120 -394 -631 51 -301 -496 -3 -972 -486 233 929 542 288 354 300 -819 -78 -482 478 782 310 -355 -638 -921 -928 -424 -816 281 -286 -875 -919 -547 830 -224 868 -995 -902 421 295 -420 -679 889 -739 -445 856 -909 -2 389 662 -985 512 954 -931 -963 -307 462 -659 370
80 -737 -186 -245 -391 -762 -891 46 14 92 829 149 -852 795 116 336 672 -309 191 -416 882 450 936 994 -494 -887 -44 998 -766 787 -787 -899 -4 -204 33 -119 -259 958 986 690 326 669 858 776 228 157 615 282 72 -965 739 -969 887 445 534 -733 885 200 -608 -825 -640 -755 -323 -645 637 344 864 548 520 223 269 491 -858 136 726 -83 -912 -192 -409 -767 303 -967 477 -203 -80 649 -350 910 -838 628 794 -576 935 -512 993 150 -504 161 -940 -626
[RUN #5 100 100]
-560 609 -448 -649 -576 -915 741 -775 614 -174 348 -470 -66 -630 -98 446 -160 557 -708 -626 -719 -896 -150 -948 964 86 -346 267 732 -351 480 -880 835 878 -46 549 -889 -610 944 -357 182 696 -638 616 904 869 -877 -642 526 -433 -856 313 -543 -424 403 -106 -936 -227 -865 -965 941 -4 -528 -500 -61 -396 934 208 229 -137 -506 145 508 952 575 -745 31 579 368 992 -251 865 474 -161 -167 -490 -466 644 -679 -532 -70 986 759 -63 597 73 589 243 883 80
-957 310 -440 563 149 59 438 936 -514 -524 -783 -148 -331 -928 -286 258 -410 -838 -316 -394 306 -163 -217 -94 -932 -265 -474 206 441 -39 68 88 -742 -369 -938 -257 773 82 407 893 -952 -987 -719 -493 32 -705 885 61 -535 -275 931 -1000 228 501 129 -297 -825 51 -504 -336 588 -370 58 -591 906 757 908 -305 91 505 -195 743 352 39 -854 180 -730 -157 302 917 148 364 -156 -224 -681 693 373 -780 -77 650 -895 -65 -294 -271 159 993 -434 1 -510 272
-671 -705 -593 454 115 -800 928 -678 -511 943 721 989 -636 -739 -650 324 -984 -947 -283 547 177 -599 831 -569 -446 30 669 210 199 -352 110 -185 914 117 -112 252 -390 -287 -730 -33 746 -997 -258 -211 -231 850 552 -538 -835 122 238 -425 -463 -530 414 829 -670 -907 -500 -971 642 -581 -541 444 360 487 603 -209 460 -761 -380 -59 426 -604 76 -481 608 -405 -6 -655 -762 -188 690 -182 970 -474 960 -994 773 402 613 479 537 700 816 834 -441 -674 -734 67
84 -177 504 -513 -894 -363 743 -376 702 -191 641 -790 -328 46 929 -733 -72 449 -412 -432 -859 -955 996 224 671 261 -131 173 501 -978 461 767 525 627 -657 -983 -332 -470 593 609 -958 -207 -170 638 880 103 -871 708 993 961 633 454 -251 661 -11 725 -669 482 541 773 600 -115 443 560 745 -348 -957 752 -706 539 620 -98 902 -391 533 362 506 -74 601 -216 -589 640 876 732 -228 -85 -572 -843 -933 942 -917 635 -478 840 -760 420 -300 -430 271 -65
877 629 485 -645 -936 -413 621 380 -801 681 656 -799 558 148 -641 -521 835 -199 -885 -589 903 -617 202 438 863 435 -175 855 -637 -783 -655 -638 -478 -841 700 -64 -862 471 744 -2 442 495 -297 125 -50 469 730 -307 -340 869 -170 11 -327 568 941 825 660 475 772 -855 -847 731 44 624 578 571 -404 938 -694 398 -830 -420 -846 893 344 463 947 -131 864 -800 773 164 -153 106 -284 -751 793 -86 493 -318 -41 425 749 526 -997 -364 898 -376 688 -342
-716 786 249 626 -952 615 69 -732 848 632 319 -493 141 3 555 -407 -473 -680 -232 -360 -286 -176 -826 -270 -272 142 -661 -789 999 108 316 100 180 -884 -484 -922 -927 896 583 -487 -818 46 -290 156 -454 867 -7 -863 816 -450 -669 605 -731 112 398 729 -282 -616 -312 -897 -472 -909 243 -636 -418 633 60 519 -819 -244 831 462 805 668 107 -592 474 597 579 -102 127 -409 923 777 293 688 778 -297 -988 169 737 -951 -555 47 491 724 -221 530 479 731
-379 550 774 -315 -76 242 213 117 -388 401 -285 376 49 580 229 -126 800 -898 -577 661 -576 -930 321 -953 638 -287 75 -934 314 200 581 187 727 -621 -498 -569 -110 -134 -816 842 344 -873 436 450 -732 959 -669 -754 -256 -587 -870 -692 602 -394 211 462 -736 -792 20 897 336 -497 980 -159 180 -515 -200 476 183 931 -727 278 3 191 915 625 63 -34 -424 -614 -165 -909 -124 40 828 -920 -258 93 -323 787 166 927 686 -776 -596 590 760 397 316 506
-159 -448 577 790 392 512 -127 416 107 -919 485 428 883 -437 -803 -238 -14 -942 959 507 -594 -217 617 918 375 -426 -389 -911 240 292 923 -114 550 167 894 581 -530 713 -155 -569 -280 94 -608 126 -694 906 -66 255 -631 137 -521 -654 -185 -77 -528 -368 42 -135 -197 650 -457 -221 687 270 843 842 -543 111 -791 285 438 -445 806 250 -361 -163 30 -483 797 -615 -2 -323 -410 -732 -678 -39 598 -357 263 15 405 -501 826 -623 202 519 -813 -938 911 224
207 -60 -716 -669 663 -588 -344 -805 252 168 634 701 -51 -943 172 368 601 263 30 -875 758 313 649 28 -445 508 -153 188 -280 -381 -252 326 29 -307 -291 762 -139 303 932 -840 693 592 361 -108 265 940 859 -948 0 -13 533 490 317 969 -184 -218 161 -106 -808 -473 -780 -632 31 -143 699 -77 863 -545 -639 99 849 -266 454 54 566 -759 726 724 -703 -726 -323 -412 206 -460 865 -488 444 657 621 115 310 618 552 -186 -154 814 -305 -915 -941 -622
-50 715 -836 -929 471 -774 -346 95 967 901 754 151 755 22 580 771 75 -245 379 655 885 709 -639 503 548 360 459 231 417 -473 -750 -756 808 -753 915 -890 812 -935 871 679 -407 325 -298 587 139 -628 -152 -342 833 456 -422 -700 -865 -852 -663 -435 -131 291 814 323 -203 674 489 13 178 -996 993 -442 -533 -795 -606 955 -626 129 853 112 848 -281 739 108 42 -873 -721 -6 62 393 -528 127 -694 -380 782 -656 -428 36 -88 873 -171 847 777 -604
644 242 870 601 -139 -843 -844 532 -322 193 892 958 241 542 -52 608 376 229 17 -741 682 -209 -437 -757 695 -493 -599 -346 -815 -330 -561 587 -389 -415 -888 783 -725 558 -926 148 -523 -946 856 746 430 774 605 776 182 -974 -869 117 -864 912 481 463 -266 67 791 354 332 -536 930 -290 -311 -122 -947 770 334 72 -578 725 309 -451 -308 -724 -954 -90 -996 -839 -149 -646 63 494 -486 -961 -155 -678 -39 948 -267 957 362 771 159 -509 -75 705 -982 221
931 180 35 -630 224 176 -578 -290 -610 -900 -962 -145 -497 -762 518 -895 252 -185 834 247 465 -763 -665 957 -304 -693 -66 -104 525 -376 -19 -912 -526 778 510 953 240 -814 -6 -424 81 -298 -312 977 142 -60 541 488 -272 922 259 990 -535 369 125 -472 -338 -391 347 798 -905 -754 343 -179 879 228 -396 2 -656 -951 68 415 819 -220 41 942 97 -235 -870 53 278 353 916 -96 -726 -860 410 214 -612 935 717 411 703 956 -868 106 -995 551 -388 692
-902 944 -512 732 -383 168 -410 953 111 -255 855 -854 -549 376 419 -638 -444 -269 -892 -97 -787 -30 279 -472 640 -897 -834 -475 355 458 -262 -934 -477 -835 608 42 94 -191 368 -139 697 787 786 144 644 -752 164 -186 849 200 -572 610 963 141 442 37 38 119 338 -968 -590 -977 -468 -19 17 -174 703 778 349 674 352 -382 954 -377 926 334 -875 -82 -130 -415 -142 -180 733 179 -398 -394 -484 171 -884 -120 -272 -367 -509 398 -448 -935 -228 -41 572 -166
-135 487 68 -265 661 62 -667 357 -17 -924 -95 -686 -179 482 -978 360 -62 -692 415 368 -691 -736 -392 864 -583 -678 952 -326 383 728 -320 -712 854 259 215 -94 -919 -739 -664 -596 539 -295 797 414 -839 -645 417 583 -774 655 -387 -805 -654 375 -615 947 -728 239 -8 321 694 -743 -260 970 -372 616 -587 855 254 420 -565 759 411 308 577 -815 611 -145 -442 -441 599 829 526 555 -172 793 -984 247 894 50 -840 -361 -241 -744 -350 267 28 -166 739 -428
